<?xml version="1.0" encoding="utf-8"?><testsuites name="pytest tests"><testsuite name="pytest" errors="0" failures="0" skipped="0" tests="8" time="0.297" timestamp="2026-05-24T14:48:23.138180+00:00" hostname="agent-env-46f90784-0848-48d8-833a-03b086f8aa46"><testcase classname="backend.tests.test_activities_api" name="test_activities_endpoint_returns_200" time="0.138" /><testcase classname="backend.tests.test_activities_api" name="test_activities_count_at_least_12" time="0.094" /><testcase classname="backend.tests.test_activities_api" name="test_activities_sorted_by_minutes_ago_asc" time="0.000" /><testcase classname="backend.tests.test_activities_api" name="test_activity_schema" time="0.000" /><testcase classname="backend.tests.test_activities_api" name="test_activities_area_is_depok" time="0.000" /><testcase classname="backend.tests.test_activities_api" name="test_activities_seeded_customers_present" time="0.000" /><testcase classname="backend.tests.test_activities_api" name="test_activities_status_values" time="0.000" /><testcase classname="backend.tests.test_activities_api" name="test_activities_first_item_is_most_recent" time="0.000" /></testsuite></testsuites>