<?xml version="1.0" encoding="utf-8"?><testsuites name="pytest tests"><testsuite name="pytest" errors="0" failures="0" skipped="0" tests="8" time="1.372" timestamp="2026-05-24T15:14:39.364547+00:00" hostname="agent-env-46f90784-0848-48d8-833a-03b086f8aa46"><testcase classname="backend.tests.test_bantuin_api.TestBantuinCreate" name="test_create_request_returns_id_and_number" time="0.567" /><testcase classname="backend.tests.test_bantuin_api.TestBantuinCreate" name="test_create_auto_generates_3_offers" time="0.045" /><testcase classname="backend.tests.test_bantuin_api.TestBantuinCreate" name="test_offer_prices_within_85_110_pct_of_budget" time="0.043" /><testcase classname="backend.tests.test_bantuin_api.TestBantuinRead" name="test_get_all_requests_sorted_desc" time="0.044" /><testcase classname="backend.tests.test_bantuin_api.TestBantuinRead" name="test_get_specific_request" time="0.079" /><testcase classname="backend.tests.test_bantuin_api.TestBantuinRead" name="test_get_nonexistent_request" time="0.042" /><testcase classname="backend.tests.test_bantuin_api.TestBantuinFlow" name="test_full_status_flow" time="0.391" /><testcase classname="backend.tests.test_bantuin_api.TestBantuinFlow" name="test_select_invalid_offer_returns_404" time="0.079" /></testsuite></testsuites>