<?xml version="1.0" encoding="utf-8"?><testsuites name="pytest tests"><testsuite name="pytest" errors="0" failures="0" skipped="0" tests="9" time="0.693" timestamp="2026-05-24T14:28:04.561075+00:00" hostname="agent-env-46f90784-0848-48d8-833a-03b086f8aa46"><testcase classname="backend.tests.test_chat_api.TestConversations" name="test_get_conversations_seeded" time="0.151" /><testcase classname="backend.tests.test_chat_api.TestConversations" name="test_get_specific_conversation_resets_unread" time="0.069" /><testcase classname="backend.tests.test_chat_api.TestConversations" name="test_get_conversation_404" time="0.033" /><testcase classname="backend.tests.test_chat_api.TestConversations" name="test_get_messages_seeded" time="0.042" /><testcase classname="backend.tests.test_chat_api.TestConversations" name="test_start_conversation_returns_existing" time="0.041" /><testcase classname="backend.tests.test_chat_api.TestConversations" name="test_start_conversation_new" time="0.076" /><testcase classname="backend.tests.test_chat_api.TestConversations" name="test_start_conversation_bad_technician" time="0.038" /><testcase classname="backend.tests.test_chat_api.TestMessages" name="test_send_message_and_autoreply" time="0.143" /><testcase classname="backend.tests.test_chat_api.TestMessages" name="test_send_message_404" time="0.043" /></testsuite></testsuites>