<?xml version="1.0" encoding="utf-8"?><testsuites name="pytest tests"><testsuite name="pytest" errors="0" failures="0" skipped="0" tests="23" time="1.334" timestamp="2026-05-24T13:56:08.193037+00:00" hostname="agent-env-46f90784-0848-48d8-833a-03b086f8aa46"><testcase classname="backend.tests.test_temujasa_api.TestCategories" name="test_get_categories" time="0.349" /><testcase classname="backend.tests.test_temujasa_api.TestServices" name="test_get_all_services" time="0.037" /><testcase classname="backend.tests.test_temujasa_api.TestServices" name="test_get_services_by_category_ac" time="0.034" /><testcase classname="backend.tests.test_temujasa_api.TestServices" name="test_get_services_by_category_plumbing" time="0.053" /><testcase classname="backend.tests.test_temujasa_api.TestServices" name="test_get_services_by_category_smart_home" time="0.033" /><testcase classname="backend.tests.test_temujasa_api.TestServices" name="test_get_services_query_filter" time="0.031" /><testcase classname="backend.tests.test_temujasa_api.TestTechnicians" name="test_get_all_technicians" time="0.032" /><testcase classname="backend.tests.test_temujasa_api.TestTechnicians" name="test_sort_by_rating" time="0.032" /><testcase classname="backend.tests.test_temujasa_api.TestTechnicians" name="test_sort_by_distance" time="0.034" /><testcase classname="backend.tests.test_temujasa_api.TestTechnicians" name="test_sort_by_price" time="0.042" /><testcase classname="backend.tests.test_temujasa_api.TestTechnicians" name="test_filter_by_service_id" time="0.033" /><testcase classname="backend.tests.test_temujasa_api.TestTechnicians" name="test_get_single_technician" time="0.031" /><testcase classname="backend.tests.test_temujasa_api.TestTechnicians" name="test_get_technician_404" time="0.039" /><testcase classname="backend.tests.test_temujasa_api.TestOrders" name="test_create_order" time="0.079" /><testcase classname="backend.tests.test_temujasa_api.TestOrders" name="test_create_order_invalid_service" time="0.046" /><testcase classname="backend.tests.test_temujasa_api.TestOrders" name="test_get_all_orders" time="0.032" /><testcase classname="backend.tests.test_temujasa_api.TestOrders" name="test_get_orders_filter_status" time="0.038" /><testcase classname="backend.tests.test_temujasa_api.TestOrders" name="test_update_status_to_completed" time="0.071" /><testcase classname="backend.tests.test_temujasa_api.TestOrders" name="test_update_status_404" time="0.035" /><testcase classname="backend.tests.test_temujasa_api.TestReviews" name="test_create_review_and_rating_update" time="0.104" /><testcase classname="backend.tests.test_temujasa_api.TestReviews" name="test_review_duplicate_rejected" time="0.037" /><testcase classname="backend.tests.test_temujasa_api.TestReviews" name="test_get_technician_reviews" time="0.044" /><testcase classname="backend.tests.test_temujasa_api" name="test_cleanup" time="0.000" /></testsuite></testsuites>